<?xml version="1.0" encoding="UTF-8"?>
<!-- Generated by org.testng.reporters.JUnitXMLReporter -->
<testsuite ignored="0" hostname="DESKTOP-1O34NV6" failures="0" tests="4" name="Test" time="0.06" errors="0" timestamp="2024-04-13T20:27:43 IST">
  <testcase classname="myfiles.TestJava" name="CDE" time="0.008"/>
  <testcase classname="myfiles.TestJava" name="GHI" time="0.001"/>
  <testcase classname="myfiles.TestJava" name="ABC" time="0.001"/>
  <testcase classname="myfiles.TestJava" name="DEF" time="0.0"/>
</testsuite> <!-- Test -->
