<?xml version="1.0" encoding="UTF-8"?>
<testng-results ignored="0" total="1" passed="1" failed="0" skipped="0">
  <reporter-output>
  </reporter-output>
  <suite started-at="2024-04-13T20:36:44 IST" name="Default suite" finished-at="2024-04-13T20:36:44 IST" duration-ms="39">
    <groups>
    </groups>
    <test started-at="2024-04-13T20:36:44 IST" name="Default test" finished-at="2024-04-13T20:36:44 IST" duration-ms="39">
      <class name="myfiles.TestJava">
        <test-method is-config="true" signature="MMM()[pri:0, instance:myfiles.TestJava@6d4e5011]" started-at="2024-04-13T20:36:44 IST" name="MMM" finished-at="2024-04-13T20:36:44 IST" duration-ms="7" status="PASS">
          <reporter-output>
          </reporter-output>
        </test-method> <!-- MMM -->
        <test-method is-config="true" signature="ABC()[pri:0, instance:myfiles.TestJava@6d4e5011]" started-at="2024-04-13T20:36:44 IST" name="ABC" finished-at="2024-04-13T20:36:44 IST" duration-ms="0" status="PASS">
          <reporter-output>
          </reporter-output>
        </test-method> <!-- ABC -->
        <test-method is-config="true" signature="CDE()[pri:0, instance:myfiles.TestJava@6d4e5011]" started-at="2024-04-13T20:36:44 IST" name="CDE" finished-at="2024-04-13T20:36:44 IST" duration-ms="0" status="PASS">
          <reporter-output>
          </reporter-output>
        </test-method> <!-- CDE -->
        <test-method signature="GHI()[pri:0, instance:myfiles.TestJava@6d4e5011]" started-at="2024-04-13T20:36:44 IST" name="GHI" finished-at="2024-04-13T20:36:44 IST" duration-ms="8" status="PASS">
          <reporter-output>
          </reporter-output>
        </test-method> <!-- GHI -->
        <test-method is-config="true" signature="DEF()[pri:0, instance:myfiles.TestJava@6d4e5011]" started-at="2024-04-13T20:36:44 IST" name="DEF" finished-at="2024-04-13T20:36:44 IST" duration-ms="0" status="PASS">
          <reporter-output>
          </reporter-output>
        </test-method> <!-- DEF -->
        <test-method is-config="true" signature="XYZ()[pri:0, instance:myfiles.TestJava@6d4e5011]" started-at="2024-04-13T20:36:44 IST" name="XYZ" finished-at="2024-04-13T20:36:44 IST" duration-ms="0" status="PASS">
          <reporter-output>
          </reporter-output>
        </test-method> <!-- XYZ -->
        <test-method is-config="true" signature="LKJ()[pri:0, instance:myfiles.TestJava@6d4e5011]" started-at="2024-04-13T20:36:44 IST" name="LKJ" finished-at="2024-04-13T20:36:44 IST" duration-ms="0" status="PASS">
          <reporter-output>
          </reporter-output>
        </test-method> <!-- LKJ -->
      </class> <!-- myfiles.TestJava -->
    </test> <!-- Default test -->
  </suite> <!-- Default suite -->
</testng-results>
